<?xml version="1.0" encoding="UTF-8"?>
<!-- Generated by org.testng.reporters.JUnitXMLReporter -->
<testsuite hostname="FILT190" ignored="0" name="Login Page Test" tests="3" failures="0" timestamp="12 Mar 2021 11:13:20 GMT" time="16.671" errors="0">
  <testcase name="loginPageTitleTest" time="0.068" classname="com.qa.opencart.test.LoginPageTest"/>
  <testcase name="forgotPwdLinkTest" time="0.97" classname="com.qa.opencart.test.LoginPageTest"/>
  <testcase name="loginTest" time="5.907" classname="com.qa.opencart.test.LoginPageTest"/>
</testsuite> <!-- Login Page Test -->
