<?xml version="1.0" encoding="UTF-8"?>
<!-- Generated by org.testng.reporters.JUnitXMLReporter -->
<testsuite ignored="0" hostname="FILT190" failures="0" tests="3" name="Login Page Test" time="22.282" errors="0" timestamp="13 Mar 2021 07:03:34 GMT">
  <testcase classname="com.qa.opencart.test.LoginPageTest" name="loginPageTitleTest" time="0.209"/>
  <testcase classname="com.qa.opencart.test.LoginPageTest" name="forgotPwdLinkTest" time="1.47"/>
  <testcase classname="com.qa.opencart.test.LoginPageTest" name="loginTest" time="6.123"/>
</testsuite> <!-- Login Page Test -->
