<?xml version="1.0" encoding="UTF-8"?>
<!-- Generated by org.testng.reporters.JUnitXMLReporter -->
<testsuite ignored="0" hostname="FILT190" failures="0" tests="2" name="ProductInfo Page Test" time="36.032" errors="0" timestamp="13 Mar 2021 07:03:48 GMT">
  <testcase classname="com.qa.opencart.test.ProductInfoPageTest" name="productInfoTest" time="10.7"/>
  <testcase classname="com.qa.opencart.test.ProductInfoPageTest" name="quantityTest" time="3.463"/>
</testsuite> <!-- ProductInfo Page Test -->
