<?xml version="1.0" encoding="UTF-8"?>
<testsuite xmlns:xsi="http://www.w3.org/2001/XMLSchema-instance" xsi:noNamespaceSchemaLocation="https://maven.apache.org/surefire/maven-surefire-plugin/xsd/surefire-test-report.xsd" name="TestSuite" time="40.011" tests="11" errors="0" skipped="0" failures="0">
  <properties>
[...]
</properties>
  <testcase name="loginPageTitleTest" classname="com.qa.opencart.test.LoginPageTest" time="0.091"/>
  <testcase name="forgotPwdLinkTest" classname="com.qa.opencart.test.LoginPageTest" time="1.469"/>
  <testcase name="accPageTitletest" classname="com.qa.opencart.test.AccountsPageTest" time="0.008"/>
  <testcase name="loginTest" classname="com.qa.opencart.test.LoginPageTest" time="0.593"/>
  <testcase name="accPageLogoTest" classname="com.qa.opencart.test.AccountsPageTest" time="1.053"/>
  <testcase name="accPageSectionCountTest" classname="com.qa.opencart.test.AccountsPageTest" time="0.174"/>
  <testcase name="accPageSectionsTest" classname="com.qa.opencart.test.AccountsPageTest" time="0.19"/>
  <testcase name="search" classname="com.qa.opencart.test.AccountsPageTest" time="5.094"/>
  <testcase name="productInfoTest" classname="com.qa.opencart.test.ProductInfoPageTest" time="4.082"/>
  <testcase name="quantityTest" classname="com.qa.opencart.test.ProductInfoPageTest" time="3.452"/>
  <testcase name="selectProductTest" classname="com.qa.opencart.test.AccountsPageTest" time="5.081"/>
</testsuite>