<?xml version="1.0" encoding="UTF-8"?>
<testng-results ignored="0" total="11" passed="11" failed="0" skipped="0">
  <reporter-output>
  </reporter-output>
  <suite started-at="2021-03-13T07:03:12Z" name="Demo Cart App Regresiion Test Suite" finished-at="2021-03-13T07:03:50Z" duration-ms="37803">
    <groups>
    </groups>
    <test started-at="2021-03-13T07:03:12Z" name="Login Page Test" finished-at="2021-03-13T07:03:34Z" duration-ms="22282">
      <class name="com.qa.opencart.test.LoginPageTest">
        <test-method is-config="true" signature="setUp()[pri:0, instance:com.qa.opencart.test.LoginPageTest@606e4010]" started-at="2021-03-13T07:03:12Z" name="setUp" finished-at="2021-03-13T07:03:25Z" duration-ms="13296" status="PASS">
          <reporter-output>
          </reporter-output>
        </test-method> <!-- setUp -->
        <test-method signature="loginPageTitleTest()[pri:1, instance:com.qa.opencart.test.LoginPageTest@606e4010]" started-at="2021-03-13T07:03:25Z" name="loginPageTitleTest" finished-at="2021-03-13T07:03:25Z" duration-ms="209" status="PASS">
          <reporter-output>
          </reporter-output>
        </test-method> <!-- loginPageTitleTest -->
        <test-method signature="forgotPwdLinkTest()[pri:2, instance:com.qa.opencart.test.LoginPageTest@606e4010]" started-at="2021-03-13T07:03:25Z" name="forgotPwdLinkTest" finished-at="2021-03-13T07:03:27Z" duration-ms="1470" status="PASS">
          <reporter-output>
          </reporter-output>
        </test-method> <!-- forgotPwdLinkTest -->
        <test-method signature="loginTest()[pri:3, instance:com.qa.opencart.test.LoginPageTest@606e4010]" started-at="2021-03-13T07:03:27Z" name="loginTest" finished-at="2021-03-13T07:03:33Z" duration-ms="6123" status="PASS">
          <reporter-output>
          </reporter-output>
        </test-method> <!-- loginTest -->
        <test-method is-config="true" signature="tearDown()[pri:0, instance:com.qa.opencart.test.LoginPageTest@606e4010]" started-at="2021-03-13T07:03:33Z" name="tearDown" finished-at="2021-03-13T07:03:34Z" duration-ms="1147" status="PASS">
          <reporter-output>
          </reporter-output>
        </test-method> <!-- tearDown -->
      </class> <!-- com.qa.opencart.test.LoginPageTest -->
    </test> <!-- Login Page Test -->
    <test started-at="2021-03-13T07:03:12Z" name="ProductInfo Page Test" finished-at="2021-03-13T07:03:48Z" duration-ms="36032">
      <class name="com.qa.opencart.test.ProductInfoPageTest">
        <test-method is-config="true" signature="setUp()[pri:0, instance:com.qa.opencart.test.ProductInfoPageTest@28dcca0c]" started-at="2021-03-13T07:03:12Z" name="setUp" finished-at="2021-03-13T07:03:26Z" duration-ms="13713" status="PASS">
          <reporter-output>
          </reporter-output>
        </test-method> <!-- setUp -->
        <test-method is-config="true" signature="productInfoSetup()[pri:0, instance:com.qa.opencart.test.ProductInfoPageTest@28dcca0c]" started-at="2021-03-13T07:03:26Z" name="productInfoSetup" finished-at="2021-03-13T07:03:32Z" duration-ms="6724" status="PASS">
          <reporter-output>
          </reporter-output>
        </test-method> <!-- productInfoSetup -->
        <test-method signature="productInfoTest()[pri:0, instance:com.qa.opencart.test.ProductInfoPageTest@28dcca0c]" started-at="2021-03-13T07:03:32Z" name="productInfoTest" finished-at="2021-03-13T07:03:43Z" duration-ms="10700" status="PASS">
          <reporter-output>
          </reporter-output>
        </test-method> <!-- productInfoTest -->
        <test-method signature="quantityTest()[pri:0, instance:com.qa.opencart.test.ProductInfoPageTest@28dcca0c]" started-at="2021-03-13T07:03:43Z" name="quantityTest" finished-at="2021-03-13T07:03:47Z" duration-ms="3463" status="PASS">
          <reporter-output>
          </reporter-output>
        </test-method> <!-- quantityTest -->
        <test-method is-config="true" signature="tearDown()[pri:0, instance:com.qa.opencart.test.ProductInfoPageTest@28dcca0c]" started-at="2021-03-13T07:03:47Z" name="tearDown" finished-at="2021-03-13T07:03:48Z" duration-ms="1425" status="PASS">
          <reporter-output>
          </reporter-output>
        </test-method> <!-- tearDown -->
      </class> <!-- com.qa.opencart.test.ProductInfoPageTest -->
    </test> <!-- ProductInfo Page Test -->
    <test started-at="2021-03-13T07:03:12Z" name="Accounts Page Test" finished-at="2021-03-13T07:03:50Z" duration-ms="37803">
      <class name="com.qa.opencart.test.AccountsPageTest">
        <test-method is-config="true" signature="setUp()[pri:0, instance:com.qa.opencart.test.AccountsPageTest@1040be71]" started-at="2021-03-13T07:03:12Z" name="setUp" finished-at="2021-03-13T07:03:25Z" duration-ms="13296" status="PASS">
          <reporter-output>
          </reporter-output>
        </test-method> <!-- setUp -->
        <test-method is-config="true" signature="AccSetUp()[pri:0, instance:com.qa.opencart.test.AccountsPageTest@1040be71]" started-at="2021-03-13T07:03:25Z" name="AccSetUp" finished-at="2021-03-13T07:03:32Z" duration-ms="7208" status="PASS">
          <reporter-output>
          </reporter-output>
        </test-method> <!-- AccSetUp -->
        <test-method signature="accPageTitletest()[pri:1, instance:com.qa.opencart.test.AccountsPageTest@1040be71]" started-at="2021-03-13T07:03:32Z" name="accPageTitletest" finished-at="2021-03-13T07:03:32Z" duration-ms="18" status="PASS">
          <reporter-output>
          </reporter-output>
        </test-method> <!-- accPageTitletest -->
        <test-method signature="accPageLogoTest()[pri:2, instance:com.qa.opencart.test.AccountsPageTest@1040be71]" started-at="2021-03-13T07:03:32Z" name="accPageLogoTest" finished-at="2021-03-13T07:03:33Z" duration-ms="1054" status="PASS">
          <reporter-output>
          </reporter-output>
        </test-method> <!-- accPageLogoTest -->
        <test-method signature="accPageSectionCountTest()[pri:3, instance:com.qa.opencart.test.AccountsPageTest@1040be71]" started-at="2021-03-13T07:03:33Z" name="accPageSectionCountTest" finished-at="2021-03-13T07:03:34Z" duration-ms="179" status="PASS">
          <reporter-output>
          </reporter-output>
        </test-method> <!-- accPageSectionCountTest -->
        <test-method signature="accPageSectionsTest()[pri:4, instance:com.qa.opencart.test.AccountsPageTest@1040be71]" started-at="2021-03-13T07:03:34Z" name="accPageSectionsTest" finished-at="2021-03-13T07:03:34Z" duration-ms="187" status="PASS">
          <reporter-output>
          </reporter-output>
        </test-method> <!-- accPageSectionsTest -->
        <test-method signature="search()[pri:5, instance:com.qa.opencart.test.AccountsPageTest@1040be71]" started-at="2021-03-13T07:03:34Z" name="search" finished-at="2021-03-13T07:03:39Z" duration-ms="5104" status="PASS">
          <reporter-output>
          </reporter-output>
        </test-method> <!-- search -->
        <test-method signature="selectProductTest()[pri:6, instance:com.qa.opencart.test.AccountsPageTest@1040be71]" started-at="2021-03-13T07:03:39Z" name="selectProductTest" finished-at="2021-03-13T07:03:48Z" duration-ms="9015" status="PASS">
          <reporter-output>
          </reporter-output>
        </test-method> <!-- selectProductTest -->
        <test-method is-config="true" signature="tearDown()[pri:0, instance:com.qa.opencart.test.AccountsPageTest@1040be71]" started-at="2021-03-13T07:03:48Z" name="tearDown" finished-at="2021-03-13T07:03:50Z" duration-ms="1577" status="PASS">
          <reporter-output>
          </reporter-output>
        </test-method> <!-- tearDown -->
      </class> <!-- com.qa.opencart.test.AccountsPageTest -->
    </test> <!-- Accounts Page Test -->
  </suite> <!-- Demo Cart App Regresiion Test Suite -->
</testng-results>
